<?xml version='1.0' encoding='UTF-8'?>
<testsuite hostname="tw-mbp-vkostyukov" name="io.finch.petstore.PetstoreDbSpec" tests="27" errors="0" failures="0" time="3.333">
                     <properties>
[...]
</properties>
                     <testcase classname="io.finch.petstore.PetstoreDbSpec" name="The Petstore DB should allow pet lookup by id" time="0.114">
                                                 
                                               </testcase><testcase classname="io.finch.petstore.PetstoreDbSpec" name="The Petstore DB should fail appropriately when asked to get pet ids that don't exist" time="0.052">
                                                 
                                               </testcase><testcase classname="io.finch.petstore.PetstoreDbSpec" name="The Petstore DB should allow adding pets" time="1.529">
                                                 
                                               </testcase><testcase classname="io.finch.petstore.PetstoreDbSpec" name="The Petstore DB should allow adding pets with no category" time="0.654">
                                                 
                                               </testcase><testcase classname="io.finch.petstore.PetstoreDbSpec" name="The Petstore DB should allow adding pets with no tags" time="0.347">
                                                 
                                               </testcase><testcase classname="io.finch.petstore.PetstoreDbSpec" name="The Petstore DB should fail appropriately when asked to add invalid pets" time="0.001">
                                                 
                                               </testcase><testcase classname="io.finch.petstore.PetstoreDbSpec" name="The Petstore DB should allow for the updating of existing pets via new Pet object" time="0.226">
                                                 
                                               </testcase><testcase classname="io.finch.petstore.PetstoreDbSpec" name="The Petstore DB should fail appropriately for the updating of nonexistant pets" time="0.219">
                                                 
                                               </testcase><testcase classname="io.finch.petstore.PetstoreDbSpec" name="The Petstore DB should fail to update pets when replacements are passed with no ID" time="0.13">
                                                 
                                               </testcase><testcase classname="io.finch.petstore.PetstoreDbSpec" name="The Petstore DB should allow the lookup of pets by status" time="0.002">
                                                 
                                               </testcase><testcase classname="io.finch.petstore.PetstoreDbSpec" name="The Petstore DB should find pets by tags" time="0.0">
                                                 
                                               </testcase><testcase classname="io.finch.petstore.PetstoreDbSpec" name="The Petstore DB should find pets by multiple tags" time="0.001">
                                                 
                                               </testcase><testcase classname="io.finch.petstore.PetstoreDbSpec" name="The Petstore DB should allow the deletion of existing pets from the database" time="0.001">
                                                 
                                               </testcase><testcase classname="io.finch.petstore.PetstoreDbSpec" name="The Petstore DB should fail appropriately if user tries to delete a nonexistant pet" time="0.003">
                                                 
                                               </testcase><testcase classname="io.finch.petstore.PetstoreDbSpec" name="The Petstore DB should be able to update existing pets with form data" time="0.001">
                                                 
                                               </testcase><testcase classname="io.finch.petstore.PetstoreDbSpec" name="The Petstore DB should fail when a pet to be updated via form data isn't passed with a valid ID" time="0.001">
                                                 
                                               </testcase><testcase classname="io.finch.petstore.PetstoreDbSpec" name="The Petstore DB should return status counts" time="0.001">
                                                 
                                               </testcase><testcase classname="io.finch.petstore.PetstoreDbSpec" name="The Petstore DB should place pet orders" time="0.001">
                                                 
                                               </testcase><testcase classname="io.finch.petstore.PetstoreDbSpec" name="The Petstore DB should fail to place orders that are passed with an order ID" time="0.001">
                                                 
                                               </testcase><testcase classname="io.finch.petstore.PetstoreDbSpec" name="The Petstore DB should be able to delete orders by ID" time="0.001">
                                                 
                                               </testcase><testcase classname="io.finch.petstore.PetstoreDbSpec" name="The Petstore DB should fail appropriately when trying to delete nonexistent orders by ID" time="0.001">
                                                 
                                               </testcase><testcase classname="io.finch.petstore.PetstoreDbSpec" name="The Petstore DB should be able to find an order by its ID" time="0.008">
                                                 
                                               </testcase><testcase classname="io.finch.petstore.PetstoreDbSpec" name="The Petstore DB should be able to add new users" time="0.018">
                                                 
                                               </testcase><testcase classname="io.finch.petstore.PetstoreDbSpec" name="The Petstore DB should fail when trying to create a new user that's passed with an ID" time="0.001">
                                                 
                                               </testcase><testcase classname="io.finch.petstore.PetstoreDbSpec" name="The Petstore DB should be able to delete users" time="0.001">
                                                 
                                               </testcase><testcase classname="io.finch.petstore.PetstoreDbSpec" name="The Petstore DB should facillitate searching for users via username" time="0.001">
                                                 
                                               </testcase><testcase classname="io.finch.petstore.PetstoreDbSpec" name="The Petstore DB should allow the updating of existing users" time="0.018">
                                                 
                                               </testcase>
                     <system-out></system-out>
                     <system-err></system-err>
                   </testsuite>