<?xml version='1.0' encoding='UTF-8'?>
<testsuite hostname="tw-mbp-vkostyukov" name="io.finch.petstore.PetstorePetServiceSpec" tests="13" errors="0" failures="0" time="1.854">
                     <properties>
[...]
</properties>
                     <testcase classname="io.finch.petstore.PetstorePetServiceSpec" name="The PetstoreApp should return valid pets" time="1.265">
                                                 
                                               </testcase><testcase classname="io.finch.petstore.PetstorePetServiceSpec" name="The PetstoreApp should fail to return invalid pets" time="0.016">
                                                 
                                               </testcase><testcase classname="io.finch.petstore.PetstorePetServiceSpec" name="The PetstoreApp should add valid pets" time="0.062">
                                                 
                                               </testcase><testcase classname="io.finch.petstore.PetstorePetServiceSpec" name="The PetstoreApp should fail appropriately when adding invalid pets" time="0.003">
                                                 
                                               </testcase><testcase classname="io.finch.petstore.PetstorePetServiceSpec" name="The PetstoreApp should update valid pets" time="0.004">
                                                 
                                               </testcase><testcase classname="io.finch.petstore.PetstorePetServiceSpec" name="The PetstoreApp should fail attempts to update pets without specifying an ID to modify" time="0.005">
                                                 
                                               </testcase><testcase classname="io.finch.petstore.PetstorePetServiceSpec" name="The PetstoreApp should successfully find pets by status" time="0.053">
                                                 
                                               </testcase><testcase classname="io.finch.petstore.PetstorePetServiceSpec" name="The PetstoreApp should successfully find pets by tag" time="0.009">
                                                 
                                               </testcase><testcase classname="io.finch.petstore.PetstorePetServiceSpec" name="The PetstoreApp should successfully delete existing pets" time="0.002">
                                                 
                                               </testcase><testcase classname="io.finch.petstore.PetstorePetServiceSpec" name="The PetstoreApp should fail to delete nonexistant pets" time="0.002">
                                                 
                                               </testcase><testcase classname="io.finch.petstore.PetstorePetServiceSpec" name="The PetstoreApp should allow the updating of pets via form data" time="0.111">
                                                 
                                               </testcase><testcase classname="io.finch.petstore.PetstorePetServiceSpec" name="The PetstoreApp should accept file uploads" time="0.315">
                                                 
                                               </testcase><testcase classname="io.finch.petstore.PetstorePetServiceSpec" name="The PetstoreApp should be able to add an array of users" time="0.007">
                                                 
                                               </testcase>
                     <system-out></system-out>
                     <system-err></system-err>
                   </testsuite>